1732800101325	geckodriver	INFO	Listening on 127.0.0.1:51089
1732800101331	mozrunner::runner	INFO	Running command: MOZ_CRASHREPORTER="1" MOZ_CRASHREPORTER_NO_REPORT="1" MOZ_CRASHREPORTER_SHUTDOWN="1" MOZ_NO_REMOTE="1" "/Use ... s" "localhost" "-foreground" "-no-remote" "-profile" "/var/folders/nw/7m20wcgj22165y8346py4_d00000gn/T/rust_mozprofileYiGOUb"
console.warn: services.settings: Ignoring preference override of remote settings server
console.warn: services.settings: Allow by setting MOZ_REMOTE_SETTINGS_DEVTOOLS=1 in the environment
1732800101573	Marionette	INFO	Marionette enabled
console.error: "Warning: unrecognized command line flag" "-remote-allow-hosts"
1732800101799	Marionette	INFO	Listening on port 51095
WebDriver BiDi listening on ws://127.0.0.1:51090
Read port: 51095
1732800101919	RemoteAgent	WARN	TLS certificate errors will be ignored for this session
UNSUPPORTED (log once): POSSIBLE ISSUE: unit 1 GLD_TEXTURE_INDEX_2D is unloadable and bound to sampler type (Float) - using zero texture because texture unloadable
DevTools listening on ws://127.0.0.1:51090/devtools/browser/1e1b90dd-be29-4155-917c-05dc34b98e88
console.error: ({})
console.warn: LoginRecipes: "Falling back to a synchronous message for: http://localhost."
JavaScript error: , line 0: NotFoundError: No such JSProcessActor 'DevToolsProcess'
JavaScript error: , line 0: NotFoundError: No such JSProcessActor 'DevToolsProcess'
JavaScript error: , line 0: NotFoundError: No such JSProcessActor 'DevToolsProcess'
JavaScript error: resource:///modules/sessionstore/SessionStore.sys.mjs, line 3624: TypeError: this._windows[aWindow.__SSi] is undefined
JavaScript warning: http://localhost/static/js/2.e2533bc5.chunk.js, line 2: Script terminated by timeout at:
g@http://localhost/static/js/2.e2533bc5.chunk.js:2:399829

1732873622375	Marionette	INFO	Stopped listening on port 51095
console.error: "Failed to fetch https://spocs.getpocket.com/user:" "NetworkError when attempting to fetch resource."
console.warn: TopSitesFeed: Failed to fetch data from Contile server: NetworkError when attempting to fetch resource.
console.error: ({})
console.error: ({})
